[debug] [2023-05-16T12:29:57.304Z] ----------------------------------------------------------------------
[debug] [2023-05-16T12:29:57.308Z] Command:       C:\Program Files\nodejs\node.exe C:\Users\Amparo\AppData\Roaming\npm\node_modules\firebase-tools\lib\bin\firebase.js init
[debug] [2023-05-16T12:29:57.309Z] CLI Version:   12.0.0
[debug] [2023-05-16T12:29:57.309Z] Platform:      win32
[debug] [2023-05-16T12:29:57.310Z] Node Version:  v18.16.0
[debug] [2023-05-16T12:29:57.422Z] Time:          Tue May 16 2023 09:29:57 GMT-0300 (hora estándar de Argentina)
[debug] [2023-05-16T12:29:57.422Z] ----------------------------------------------------------------------
[debug] 
[debug] [2023-05-16T12:29:57.640Z] > command requires scopes: ["email","openid","https://www.googleapis.com/auth/cloudplatformprojects.readonly","https://www.googleapis.com/auth/firebase","https://www.googleapis.com/auth/cloud-platform"]
[debug] [2023-05-16T12:29:57.641Z] > authorizing via signed-in user (amparozanardi@gmail.com)
[info] 
     ######## #### ########  ######## ########     ###     ######  ########
     ##        ##  ##     ## ##       ##     ##  ##   ##  ##       ##
     ######    ##  ########  ######   ########  #########  ######  ######
     ##        ##  ##    ##  ##       ##     ## ##     ##       ## ##
     ##       #### ##     ## ######## ########  ##     ##  ######  ########

You're about to initialize a Firebase project in this directory:

  C:\Users\Amparo\Desktop

Before we get started, keep in mind:

  * You are initializing within an existing Firebase project directory

[info] 
=== Project Setup
[info] 
[info] First, let's associate this project directory with a Firebase project.
[info] You can create multiple project aliases by running firebase use --add, 
[info] but for now we'll just set up a default project.
[info] 
[debug] [2023-05-16T12:30:24.056Z] Using project from CLI flag: portfolio-amz
[debug] [2023-05-16T12:30:24.060Z] > refreshing access token with scopes: []
[debug] [2023-05-16T12:30:24.070Z] >>> [apiv2][query] POST https://www.googleapis.com/oauth2/v3/token [none]
[debug] [2023-05-16T12:30:24.070Z] >>> [apiv2][body] POST https://www.googleapis.com/oauth2/v3/token [omitted]
[debug] [2023-05-16T12:30:24.492Z] <<< [apiv2][status] POST https://www.googleapis.com/oauth2/v3/token 200
[debug] [2023-05-16T12:30:24.492Z] <<< [apiv2][body] POST https://www.googleapis.com/oauth2/v3/token [omitted]
[debug] [2023-05-16T12:30:24.699Z] >>> [apiv2][query] GET https://firebase.googleapis.com/v1beta1/projects/portfolio-amz [none]
[debug] [2023-05-16T12:30:25.270Z] <<< [apiv2][status] GET https://firebase.googleapis.com/v1beta1/projects/portfolio-amz 403
[debug] [2023-05-16T12:30:25.271Z] <<< [apiv2][body] GET https://firebase.googleapis.com/v1beta1/projects/portfolio-amz {"error":{"code":403,"message":"The caller does not have permission","status":"PERMISSION_DENIED"}}
[debug] [2023-05-16T12:30:25.273Z] HTTP Error: 403, The caller does not have permission
[debug] [2023-05-16T12:30:25.278Z] FirebaseError: HTTP Error: 403, The caller does not have permission
    at responseToError (C:\Users\Amparo\AppData\Roaming\npm\node_modules\firebase-tools\lib\responseToError.js:49:12)
    at RetryOperation._fn (C:\Users\Amparo\AppData\Roaming\npm\node_modules\firebase-tools\lib\apiv2.js:288:77)
    at process.processTicksAndRejections (node:internal/process/task_queues:95:5)
[error] 
[error] Error: Failed to get Firebase project portfolio-amz. Please make sure the project exists and your account has permission to access it.
